d:\school work\studio projects\studio project 3\sp3 framework\base\release\vc120.pdb
d:\school work\studio projects\studio project 3\sp3 framework\base\release\graphicsmanager.obj
d:\school work\studio projects\studio project 3\sp3 framework\base\release\gamemanager.obj
d:\school work\studio projects\studio project 3\sp3 framework\base\release\gamedata.obj
d:\school work\studio projects\studio project 3\sp3 framework\base\release\entitymanager.obj
d:\school work\studio projects\studio project 3\sp3 framework\base\release\entitybase.obj
d:\school work\studio projects\studio project 3\sp3 framework\base\release\enemy.obj
d:\school work\studio projects\studio project 3\sp3 framework\base\release\daniu.obj
d:\school work\studio projects\studio project 3\sp3 framework\base\release\controller_mouse.obj
d:\school work\studio projects\studio project 3\sp3 framework\base\release\controller_keyboard.obj
d:\school work\studio projects\studio project 3\sp3 framework\base\release\controller_gamepad.obj
d:\school work\studio projects\studio project 3\sp3 framework\base\release\collisionsystem.obj
d:\school work\studio projects\studio project 3\sp3 framework\base\release\character.obj
d:\school work\studio projects\studio project 3\sp3 framework\base\release\cameramainmenu.obj
d:\school work\studio projects\studio project 3\sp3 framework\base\release\camera2d.obj
d:\school work\studio projects\studio project 3\sp3 framework\base\release\camera.obj
d:\school work\studio projects\studio project 3\sp3 framework\base\release\bullet.obj
d:\school work\studio projects\studio project 3\sp3 framework\base\release\brawler.obj
d:\school work\studio projects\studio project 3\sp3 framework\base\release\audiomanager.obj
d:\school work\studio projects\studio project 3\sp3 framework\base\release\application.obj
d:\school work\studio projects\studio project 3\sp3 framework\base\release\animation.obj
d:\school work\studio projects\studio project 3\sp3 framework\base\release\shader.obj
d:\school work\studio projects\studio project 3\sp3 framework\base\release\seetwo.obj
d:\school work\studio projects\studio project 3\sp3 framework\base\release\scenemanager.obj
d:\school work\studio projects\studio project 3\sp3 framework\base\release\scenemainmenu.obj
d:\school work\studio projects\studio project 3\sp3 framework\base\release\scenecredits.obj
d:\school work\studio projects\studio project 3\sp3 framework\base\release\scenebase.obj
d:\school work\studio projects\studio project 3\sp3 framework\base\release\sawblade.obj
d:\school work\studio projects\studio project 3\sp3 framework\base\release\renderhelper.obj
d:\school work\studio projects\studio project 3\sp3 framework\base\release\particles.obj
d:\school work\studio projects\studio project 3\sp3 framework\base\release\meshbuilder.obj
d:\school work\studio projects\studio project 3\sp3 framework\base\release\mesh.obj
d:\school work\studio projects\studio project 3\sp3 framework\base\release\mainmenu.obj
d:\school work\studio projects\studio project 3\sp3 framework\base\release\main.obj
d:\school work\studio projects\studio project 3\sp3 framework\base\release\loadtga.obj
d:\school work\studio projects\studio project 3\sp3 framework\base\release\loadobj.obj
d:\school work\studio projects\studio project 3\sp3 framework\base\release\loadhmap.obj
d:\school work\studio projects\studio project 3\sp3 framework\base\release\kifellah.obj
d:\school work\studio projects\studio project 3\sp3 framework\base\release\inputmanager.obj
d:\school work\studio projects\studio project 3\sp3 framework\base\release\hero.obj
d:\school work\studio projects\studio project 3\sp3 framework\base\release\gunner.obj
d:\school work\studio projects\studio project 3\sp3 framework\base\release\utility.obj
d:\school work\studio projects\studio project 3\sp3 framework\base\release\turret.obj
d:\school work\studio projects\studio project 3\sp3 framework\base\release\tilesystem.obj
d:\school work\studio projects\studio project 3\sp3 framework\base\release\tileindex.obj
d:\school work\studio projects\studio project 3\sp3 framework\base\release\maprenderer.obj
d:\school work\studio projects\studio project 3\sp3 framework\base\release\tilecollider.obj
d:\school work\studio projects\studio project 3\sp3 framework\base\release\texturemanager.obj
d:\school work\studio projects\studio project 3\sp3 framework\base\release\spriteanimation.obj
d:\school work\studio projects\studio project 3\sp3 framework\base\release\shaderprogram.obj
d:\school work\studio projects\studio project 3\sp3 framework\release\base.exe
d:\school work\studio projects\studio project 3\sp3 framework\release\base.pdb
d:\school work\studio projects\studio project 3\sp3 framework\base\release\base.tlog\cl.command.1.tlog
d:\school work\studio projects\studio project 3\sp3 framework\base\release\base.tlog\cl.read.1.tlog
d:\school work\studio projects\studio project 3\sp3 framework\base\release\base.tlog\cl.write.1.tlog
d:\school work\studio projects\studio project 3\sp3 framework\base\release\base.tlog\link.command.1.tlog
d:\school work\studio projects\studio project 3\sp3 framework\base\release\base.tlog\link.read.1.tlog
d:\school work\studio projects\studio project 3\sp3 framework\base\release\base.tlog\link.write.1.tlog
