Build started 23/8/2016 4:36:28 PM.
     1>Project "D:\School Work\Studio Projects\Studio Project 3\SP3 Framework\Common\Common.vcxproj" on node 2 (Build target(s)).
     1>ClCompile:
         C:\Program Files (x86)\Microsoft Visual Studio 12.0\VC\bin\CL.exe /c /ZI /nologo /W3 /WX- /Od /Oy- /D _VARIADIC_MAX=10 /D WIN32 /D _DEBUG /D _LIB /D _UNICODE /D UNICODE /Gm /EHsc /RTC1 /MDd /GS /fp:precise /Zc:wchar_t /Zc:forScope /Fo"Debug\\" /Fd"Debug\vc120.pdb" /Gd /TP /analyze- /errorReport:prompt Source\MathUtility.cpp Source\MatrixStack.cpp Source\Mtx44.cpp Source\Physics.cpp Source\timer.cpp Source\Vector.cpp Source\Vector2.cpp Source\Vector3.cpp
         Vector3.cpp
         Vector2.cpp
         Vector.cpp
         timer.cpp
         Physics.cpp
     1>d:\school work\studio projects\studio project 3\sp3 framework\common\source\physics.cpp(36): warning C4244: 'return' : conversion from 'double' to 'float', possible loss of data
     1>d:\school work\studio projects\studio project 3\sp3 framework\common\source\physics.cpp(42): warning C4244: 'return' : conversion from 'double' to 'float', possible loss of data
         Mtx44.cpp
         MatrixStack.cpp
         MathUtility.cpp
         Generating Code...
       Lib:
         C:\Program Files (x86)\Microsoft Visual Studio 12.0\VC\bin\Lib.exe /OUT:"D:\School Work\Studio Projects\Studio Project 3\SP3 Framework\Debug\Common.lib" /NOLOGO Debug\MathUtility.obj
         Debug\MatrixStack.obj
         Debug\Mtx44.obj
         Debug\Physics.obj
         Debug\timer.obj
         Debug\Vector.obj
         Debug\Vector2.obj
         Debug\Vector3.obj
         Common.vcxproj -> D:\School Work\Studio Projects\Studio Project 3\SP3 Framework\Debug\Common.lib
     1>Done Building Project "D:\School Work\Studio Projects\Studio Project 3\SP3 Framework\Common\Common.vcxproj" (Build target(s)).

Build succeeded.

Time Elapsed 00:00:05.23
